2024-10-02 23:18:51 0 [Note] Starting MariaDB 10.4.32-MariaDB source revision c4143f909528e3fab0677a28631d10389354c491 as process 14376
2024-10-02 23:18:51 0 [Note] InnoDB: Mutexes and rw_locks use Windows interlocked functions
2024-10-02 23:18:51 0 [Note] InnoDB: Uses event mutexes
2024-10-02 23:18:51 0 [Note] InnoDB: Compressed tables use zlib 1.3
2024-10-02 23:18:51 0 [Note] InnoDB: Number of pools: 1
2024-10-02 23:18:51 0 [Note] InnoDB: Using SSE2 crc32 instructions
2024-10-02 23:18:51 0 [Note] InnoDB: Initializing buffer pool, total size = 16M, instances = 1, chunk size = 16M
2024-10-02 23:18:51 0 [Note] InnoDB: Completed initialization of buffer pool
2024-10-02 23:18:51 0 [Note] InnoDB: Starting crash recovery from checkpoint LSN=300288
2024-10-02 23:18:52 0 [Note] InnoDB: 128 out of 128 rollback segments are active.
2024-10-02 23:18:52 0 [Note] InnoDB: Removed temporary tablespace data file: "ibtmp1"
2024-10-02 23:18:52 0 [Note] InnoDB: Creating shared tablespace for temporary tables
2024-10-02 23:18:52 0 [Note] InnoDB: Setting file 'C:\xampp\mysql\data\ibtmp1' size to 12 MB. Physically writing the file full; Please wait ...
2024-10-02 23:18:52 0 [Note] InnoDB: File 'C:\xampp\mysql\data\ibtmp1' size is now 12 MB.
2024-10-02 23:18:52 0 [Note] InnoDB: Waiting for purge to start
2024-10-02 23:18:52 0 [Note] InnoDB: 10.4.32 started; log sequence number 300297; transaction id 170
2024-10-02 23:18:52 0 [Note] InnoDB: Loading buffer pool(s) from C:\xampp\mysql\data\ib_buffer_pool
2024-10-02 23:18:52 0 [Note] Plugin 'FEEDBACK' is disabled.
2024-10-02 23:18:52 0 [Note] InnoDB: Buffer pool(s) load completed at 241002 23:18:52
2024-10-02 23:18:52 0 [Note] Server socket created on IP: '::'.
2024-10-04 23:47:30 0 [Note] Starting MariaDB 10.4.32-MariaDB source revision c4143f909528e3fab0677a28631d10389354c491 as process 9196
2024-10-04 23:47:30 0 [Note] mysqld.exe: Aria engine: starting recovery
recovered pages: 0% 12% 50% 74%
Got error 176 when executing record redo_insert_row_head
2024-10-04 23:47:30 0 [ERROR] mysqld.exe: Aria engine: Redo phase failed
tables to flush: 2 1 0
2024-10-04 23:47:30 0 [ERROR] mysqld.exe: Aria recovery failed. Please run aria_chk -r on all Aria tables and delete all aria_log.######## files
2024-10-04 23:47:30 0 [ERROR] Plugin 'Aria' registration as a STORAGE ENGINE failed.
2024-10-04 23:47:30 0 [Note] InnoDB: Mutexes and rw_locks use Windows interlocked functions
2024-10-04 23:47:30 0 [Note] InnoDB: Uses event mutexes
2024-10-04 23:47:30 0 [Note] InnoDB: Compressed tables use zlib 1.3
2024-10-04 23:47:30 0 [Note] InnoDB: Number of pools: 1
2024-10-04 23:47:30 0 [Note] InnoDB: Using SSE2 crc32 instructions
2024-10-04 23:47:30 0 [Note] InnoDB: Initializing buffer pool, total size = 16M, instances = 1, chunk size = 16M
2024-10-04 23:47:30 0 [Note] InnoDB: Completed initialization of buffer pool
2024-10-04 23:47:30 0 [Note] InnoDB: Starting crash recovery from checkpoint LSN=312021
2024-10-04 23:47:31 0 [Note] InnoDB: 128 out of 128 rollback segments are active.
2024-10-04 23:47:31 0 [Note] InnoDB: Removed temporary tablespace data file: "ibtmp1"
2024-10-04 23:47:31 0 [Note] InnoDB: Creating shared tablespace for temporary tables
2024-10-04 23:47:31 0 [Note] InnoDB: Setting file 'C:\xampp\mysql\data\ibtmp1' size to 12 MB. Physically writing the file full; Please wait ...
2024-10-04 23:47:31 0 [Note] InnoDB: File 'C:\xampp\mysql\data\ibtmp1' size is now 12 MB.
2024-10-04 23:47:31 0 [Note] InnoDB: Waiting for purge to start
2024-10-04 23:47:31 0 [Note] InnoDB: 10.4.32 started; log sequence number 312030; transaction id 212
2024-10-04 23:47:31 0 [Note] InnoDB: Loading buffer pool(s) from C:\xampp\mysql\data\ib_buffer_pool
2024-10-04 23:47:31 0 [Note] Plugin 'FEEDBACK' is disabled.
2024-10-04 23:47:31 0 [ERROR] Could not open mysql.plugin table. Some plugins may be not loaded
2024-10-04 23:47:31 0 [ERROR] Failed to initialize plugins.
2024-10-04 23:47:31 0 [ERROR] Aborting
2024-10-04 23:47:35 0 [Note] Starting MariaDB 10.4.32-MariaDB source revision c4143f909528e3fab0677a28631d10389354c491 as process 10360
2024-10-04 23:47:35 0 [Note] mysqld.exe: Aria engine: starting recovery
recovered pages: 0% 12% 50%
Table '.\mysql\db' is crashed, skipping it. Please repair it with aria_chk -r
 74% 85% 100% (0.0 seconds); tables to flush: 1 0
 (0.0 seconds); 
2024-10-04 23:47:35 0 [Note] mysqld.exe: Aria engine: recovery done
2024-10-04 23:47:35 0 [Note] InnoDB: Mutexes and rw_locks use Windows interlocked functions
2024-10-04 23:47:35 0 [Note] InnoDB: Uses event mutexes
2024-10-04 23:47:35 0 [Note] InnoDB: Compressed tables use zlib 1.3
2024-10-04 23:47:35 0 [Note] InnoDB: Number of pools: 1
2024-10-04 23:47:35 0 [Note] InnoDB: Using SSE2 crc32 instructions
2024-10-04 23:47:35 0 [Note] InnoDB: Initializing buffer pool, total size = 16M, instances = 1, chunk size = 16M
2024-10-04 23:47:35 0 [Note] InnoDB: Completed initialization of buffer pool
2024-10-04 23:47:35 0 [Note] InnoDB: 128 out of 128 rollback segments are active.
2024-10-04 23:47:35 0 [Note] InnoDB: Creating shared tablespace for temporary tables
2024-10-04 23:47:35 0 [Note] InnoDB: Setting file 'C:\xampp\mysql\data\ibtmp1' size to 12 MB. Physically writing the file full; Please wait ...
2024-10-04 23:47:35 0 [Note] InnoDB: File 'C:\xampp\mysql\data\ibtmp1' size is now 12 MB.
2024-10-04 23:47:35 0 [Note] InnoDB: Waiting for purge to start
2024-10-04 23:47:35 0 [Note] InnoDB: 10.4.32 started; log sequence number 312039; transaction id 212
2024-10-04 23:47:35 0 [Note] Plugin 'FEEDBACK' is disabled.
2024-10-04 23:47:35 0 [Note] InnoDB: Loading buffer pool(s) from C:\xampp\mysql\data\ib_buffer_pool
2024-10-04 23:47:35 0 [Note] InnoDB: Buffer pool(s) load completed at 241004 23:47:35
2024-10-04 23:47:35 0 [Note] Server socket created on IP: '::'.
2024-10-05 20:02:52 0 [Note] Starting MariaDB 10.4.32-MariaDB source revision c4143f909528e3fab0677a28631d10389354c491 as process 17764
2024-10-05 20:02:52 0 [Note] mysqld.exe: Aria engine: starting recovery
recovered pages: 0% 100% (0.0 seconds); tables to flush: 1 0
 (0.0 seconds); 
2024-10-05 20:02:52 0 [Note] mysqld.exe: Aria engine: recovery done
2024-10-05 20:02:52 0 [Note] InnoDB: Mutexes and rw_locks use Windows interlocked functions
2024-10-05 20:02:52 0 [Note] InnoDB: Uses event mutexes
2024-10-05 20:02:52 0 [Note] InnoDB: Compressed tables use zlib 1.3
2024-10-05 20:02:52 0 [Note] InnoDB: Number of pools: 1
2024-10-05 20:02:52 0 [Note] InnoDB: Using SSE2 crc32 instructions
2024-10-05 20:02:52 0 [Note] InnoDB: Initializing buffer pool, total size = 16M, instances = 1, chunk size = 16M
2024-10-05 20:02:52 0 [Note] InnoDB: Completed initialization of buffer pool
2024-10-05 20:02:52 0 [Note] InnoDB: Starting crash recovery from checkpoint LSN=312409
2024-10-05 20:02:53 0 [Note] InnoDB: 128 out of 128 rollback segments are active.
2024-10-05 20:02:53 0 [Note] InnoDB: Removed temporary tablespace data file: "ibtmp1"
2024-10-05 20:02:53 0 [Note] InnoDB: Creating shared tablespace for temporary tables
2024-10-05 20:02:53 0 [Note] InnoDB: Setting file 'C:\xampp\mysql\data\ibtmp1' size to 12 MB. Physically writing the file full; Please wait ...
2024-10-05 20:02:53 0 [Note] InnoDB: File 'C:\xampp\mysql\data\ibtmp1' size is now 12 MB.
2024-10-05 20:02:53 0 [Note] InnoDB: Waiting for purge to start
2024-10-05 20:02:53 0 [Note] InnoDB: 10.4.32 started; log sequence number 312418; transaction id 235
2024-10-05 20:02:53 0 [Note] InnoDB: Loading buffer pool(s) from C:\xampp\mysql\data\ib_buffer_pool
2024-10-05 20:02:53 0 [Note] Plugin 'FEEDBACK' is disabled.
2024-10-05 20:02:53 0 [Note] InnoDB: Buffer pool(s) load completed at 241005 20:02:53
2024-10-05 20:02:53 0 [Note] Server socket created on IP: '::'.
2024-10-06  4:54:27 0 [Note] Starting MariaDB 10.4.32-MariaDB source revision c4143f909528e3fab0677a28631d10389354c491 as process 16012
2024-10-06  4:54:27 0 [Note] InnoDB: Mutexes and rw_locks use Windows interlocked functions
2024-10-06  4:54:27 0 [Note] InnoDB: Uses event mutexes
2024-10-06  4:54:27 0 [Note] InnoDB: Compressed tables use zlib 1.3
2024-10-06  4:54:27 0 [Note] InnoDB: Number of pools: 1
2024-10-06  4:54:27 0 [Note] InnoDB: Using SSE2 crc32 instructions
2024-10-06  4:54:27 0 [Note] InnoDB: Initializing buffer pool, total size = 16M, instances = 1, chunk size = 16M
2024-10-06  4:54:27 0 [Note] InnoDB: Completed initialization of buffer pool
2024-10-06  4:54:27 0 [Note] InnoDB: Starting crash recovery from checkpoint LSN=320533
2024-10-06  4:54:27 0 [Note] InnoDB: 128 out of 128 rollback segments are active.
2024-10-06  4:54:27 0 [Note] InnoDB: Removed temporary tablespace data file: "ibtmp1"
2024-10-06  4:54:27 0 [Note] InnoDB: Creating shared tablespace for temporary tables
2024-10-06  4:54:27 0 [Note] InnoDB: Setting file 'C:\xampp\mysql\data\ibtmp1' size to 12 MB. Physically writing the file full; Please wait ...
2024-10-06  4:54:27 0 [Note] InnoDB: File 'C:\xampp\mysql\data\ibtmp1' size is now 12 MB.
2024-10-06  4:54:27 0 [Note] InnoDB: Waiting for purge to start
2024-10-06  4:54:27 0 [Note] InnoDB: 10.4.32 started; log sequence number 320542; transaction id 283
2024-10-06  4:54:27 0 [Note] InnoDB: Loading buffer pool(s) from C:\xampp\mysql\data\ib_buffer_pool
2024-10-06  4:54:27 0 [Note] Plugin 'FEEDBACK' is disabled.
2024-10-06  4:54:27 0 [Note] InnoDB: Buffer pool(s) load completed at 241006  4:54:27
2024-10-06  4:54:27 0 [Note] Server socket created on IP: '::'.
2024-10-06  5:08:07 0 [Note] Starting MariaDB 10.4.32-MariaDB source revision c4143f909528e3fab0677a28631d10389354c491 as process 14536
2024-10-06  5:08:07 0 [Note] InnoDB: Mutexes and rw_locks use Windows interlocked functions
2024-10-06  5:08:07 0 [Note] InnoDB: Uses event mutexes
2024-10-06  5:08:07 0 [Note] InnoDB: Compressed tables use zlib 1.3
2024-10-06  5:08:07 0 [Note] InnoDB: Number of pools: 1
2024-10-06  5:08:07 0 [Note] InnoDB: Using SSE2 crc32 instructions
2024-10-06  5:08:07 0 [Note] InnoDB: Initializing buffer pool, total size = 16M, instances = 1, chunk size = 16M
2024-10-06  5:08:07 0 [Note] InnoDB: Completed initialization of buffer pool
2024-10-06  5:08:07 0 [Note] InnoDB: Starting crash recovery from checkpoint LSN=320551
2024-10-06  5:08:07 0 [Note] InnoDB: 128 out of 128 rollback segments are active.
2024-10-06  5:08:07 0 [Note] InnoDB: Removed temporary tablespace data file: "ibtmp1"
2024-10-06  5:08:07 0 [Note] InnoDB: Creating shared tablespace for temporary tables
2024-10-06  5:08:07 0 [Note] InnoDB: Setting file 'C:\xampp\mysql\data\ibtmp1' size to 12 MB. Physically writing the file full; Please wait ...
2024-10-06  5:08:07 0 [Note] InnoDB: File 'C:\xampp\mysql\data\ibtmp1' size is now 12 MB.
2024-10-06  5:08:07 0 [Note] InnoDB: Waiting for purge to start
2024-10-06  5:08:08 0 [Note] InnoDB: 10.4.32 started; log sequence number 320560; transaction id 283
2024-10-06  5:08:08 0 [Note] InnoDB: Loading buffer pool(s) from C:\xampp\mysql\data\ib_buffer_pool
2024-10-06  5:08:08 0 [Note] Plugin 'FEEDBACK' is disabled.
2024-10-06  5:08:08 0 [Note] InnoDB: Buffer pool(s) load completed at 241006  5:08:08
2024-10-06  5:08:08 0 [Note] Server socket created on IP: '::'.
2024-10-12 21:13:16 0 [Note] Starting MariaDB 10.4.32-MariaDB source revision c4143f909528e3fab0677a28631d10389354c491 as process 16144
2024-10-12 21:13:17 0 [Note] InnoDB: Mutexes and rw_locks use Windows interlocked functions
2024-10-12 21:13:17 0 [Note] InnoDB: Uses event mutexes
2024-10-12 21:13:17 0 [Note] InnoDB: Compressed tables use zlib 1.3
2024-10-12 21:13:17 0 [Note] InnoDB: Number of pools: 1
2024-10-12 21:13:17 0 [Note] InnoDB: Using SSE2 crc32 instructions
2024-10-12 21:13:17 0 [Note] InnoDB: Initializing buffer pool, total size = 16M, instances = 1, chunk size = 16M
2024-10-12 21:13:17 0 [Note] InnoDB: Completed initialization of buffer pool
2024-10-12 21:13:17 0 [Note] InnoDB: Starting crash recovery from checkpoint LSN=379331
2024-10-12 21:13:17 0 [Note] InnoDB: 128 out of 128 rollback segments are active.
2024-10-12 21:13:17 0 [Note] InnoDB: Removed temporary tablespace data file: "ibtmp1"
2024-10-12 21:13:17 0 [Note] InnoDB: Creating shared tablespace for temporary tables
2024-10-12 21:13:17 0 [Note] InnoDB: Setting file 'C:\xampp\mysql\data\ibtmp1' size to 12 MB. Physically writing the file full; Please wait ...
2024-10-12 21:13:17 0 [Note] InnoDB: File 'C:\xampp\mysql\data\ibtmp1' size is now 12 MB.
2024-10-12 21:13:17 0 [Note] InnoDB: Waiting for purge to start
2024-10-12 21:13:17 0 [Note] InnoDB: 10.4.32 started; log sequence number 379340; transaction id 474
2024-10-12 21:13:17 0 [Note] InnoDB: Loading buffer pool(s) from C:\xampp\mysql\data\ib_buffer_pool
2024-10-12 21:13:17 0 [Note] Plugin 'FEEDBACK' is disabled.
2024-10-12 21:13:17 0 [Note] InnoDB: Buffer pool(s) load completed at 241012 21:13:17
2024-10-12 21:13:17 0 [Note] Server socket created on IP: '::'.
2024-10-13  0:38:58 0 [Note] Starting MariaDB 10.4.32-MariaDB source revision c4143f909528e3fab0677a28631d10389354c491 as process 2716
2024-10-13  0:38:58 0 [Note] mysqld.exe: Aria engine: starting recovery
recovered pages: 0% 100% (0.0 seconds); 
2024-10-13  0:38:58 0 [Note] mysqld.exe: Aria engine: recovery done
2024-10-13  0:38:58 0 [Note] InnoDB: Mutexes and rw_locks use Windows interlocked functions
2024-10-13  0:38:58 0 [Note] InnoDB: Uses event mutexes
2024-10-13  0:38:58 0 [Note] InnoDB: Compressed tables use zlib 1.3
2024-10-13  0:38:58 0 [Note] InnoDB: Number of pools: 1
2024-10-13  0:38:58 0 [Note] InnoDB: Using SSE2 crc32 instructions
2024-10-13  0:38:58 0 [Note] InnoDB: Initializing buffer pool, total size = 16M, instances = 1, chunk size = 16M
2024-10-13  0:38:58 0 [Note] InnoDB: Completed initialization of buffer pool
2024-10-13  0:38:58 0 [Note] InnoDB: Starting crash recovery from checkpoint LSN=385319
2024-10-13  0:38:58 0 [Note] InnoDB: 128 out of 128 rollback segments are active.
2024-10-13  0:38:58 0 [Note] InnoDB: Removed temporary tablespace data file: "ibtmp1"
2024-10-13  0:38:58 0 [Note] InnoDB: Creating shared tablespace for temporary tables
2024-10-13  0:38:58 0 [Note] InnoDB: Setting file 'C:\xampp\mysql\data\ibtmp1' size to 12 MB. Physically writing the file full; Please wait ...
2024-10-13  0:38:58 0 [Note] InnoDB: File 'C:\xampp\mysql\data\ibtmp1' size is now 12 MB.
2024-10-13  0:38:58 0 [Note] InnoDB: Waiting for purge to start
2024-10-13  0:38:58 0 [Note] InnoDB: 10.4.32 started; log sequence number 385328; transaction id 518
2024-10-13  0:38:58 0 [Note] Plugin 'FEEDBACK' is disabled.
2024-10-13  0:38:58 0 [Note] InnoDB: Loading buffer pool(s) from C:\xampp\mysql\data\ib_buffer_pool
2024-10-13  0:38:58 0 [Note] InnoDB: Buffer pool(s) load completed at 241013  0:38:58
2024-10-13  0:38:58 0 [Note] Server socket created on IP: '::'.
2024-10-17  1:36:16 0 [Note] Starting MariaDB 10.4.32-MariaDB source revision c4143f909528e3fab0677a28631d10389354c491 as process 8688
2024-10-17  1:36:17 0 [Note] InnoDB: Mutexes and rw_locks use Windows interlocked functions
2024-10-17  1:36:17 0 [Note] InnoDB: Uses event mutexes
2024-10-17  1:36:17 0 [Note] InnoDB: Compressed tables use zlib 1.3
2024-10-17  1:36:17 0 [Note] InnoDB: Number of pools: 1
2024-10-17  1:36:17 0 [Note] InnoDB: Using SSE2 crc32 instructions
2024-10-17  1:36:17 0 [Note] InnoDB: Initializing buffer pool, total size = 16M, instances = 1, chunk size = 16M
2024-10-17  1:36:17 0 [Note] InnoDB: Completed initialization of buffer pool
2024-10-17  1:36:17 0 [Note] InnoDB: Starting crash recovery from checkpoint LSN=583625
2024-10-17  1:36:17 0 [Note] InnoDB: 128 out of 128 rollback segments are active.
2024-10-17  1:36:17 0 [Note] InnoDB: Removed temporary tablespace data file: "ibtmp1"
2024-10-17  1:36:17 0 [Note] InnoDB: Creating shared tablespace for temporary tables
2024-10-17  1:36:17 0 [Note] InnoDB: Setting file 'C:\xampp\mysql\data\ibtmp1' size to 12 MB. Physically writing the file full; Please wait ...
2024-10-17  1:36:17 0 [Note] InnoDB: File 'C:\xampp\mysql\data\ibtmp1' size is now 12 MB.
2024-10-17  1:36:17 0 [Note] InnoDB: Waiting for purge to start
2024-10-17  1:36:17 0 [Note] InnoDB: 10.4.32 started; log sequence number 583634; transaction id 729
2024-10-17  1:36:17 0 [Note] InnoDB: Loading buffer pool(s) from C:\xampp\mysql\data\ib_buffer_pool
2024-10-17  1:36:17 0 [Note] Plugin 'FEEDBACK' is disabled.
2024-10-17  1:36:17 0 [Note] InnoDB: Buffer pool(s) load completed at 241017  1:36:17
2024-10-17  1:36:17 0 [Note] Server socket created on IP: '::'.
2024-10-20 22:35:50 0 [Note] Starting MariaDB 10.4.32-MariaDB source revision c4143f909528e3fab0677a28631d10389354c491 as process 15888
2024-10-20 22:35:50 0 [Note] InnoDB: Mutexes and rw_locks use Windows interlocked functions
2024-10-20 22:35:50 0 [Note] InnoDB: Uses event mutexes
2024-10-20 22:35:50 0 [Note] InnoDB: Compressed tables use zlib 1.3
2024-10-20 22:35:50 0 [Note] InnoDB: Number of pools: 1
2024-10-20 22:35:50 0 [Note] InnoDB: Using SSE2 crc32 instructions
2024-10-20 22:35:50 0 [Note] InnoDB: Initializing buffer pool, total size = 16M, instances = 1, chunk size = 16M
2024-10-20 22:35:50 0 [Note] InnoDB: Completed initialization of buffer pool
2024-10-20 22:35:50 0 [Note] InnoDB: Starting crash recovery from checkpoint LSN=593324
2024-10-20 22:35:50 0 [Note] InnoDB: 128 out of 128 rollback segments are active.
2024-10-20 22:35:50 0 [Note] InnoDB: Removed temporary tablespace data file: "ibtmp1"
2024-10-20 22:35:50 0 [Note] InnoDB: Creating shared tablespace for temporary tables
2024-10-20 22:35:50 0 [Note] InnoDB: Setting file 'C:\xampp\mysql\data\ibtmp1' size to 12 MB. Physically writing the file full; Please wait ...
2024-10-20 22:35:50 0 [Note] InnoDB: File 'C:\xampp\mysql\data\ibtmp1' size is now 12 MB.
2024-10-20 22:35:50 0 [Note] InnoDB: Waiting for purge to start
2024-10-20 22:35:50 0 [Note] InnoDB: 10.4.32 started; log sequence number 593333; transaction id 774
2024-10-20 22:35:50 0 [Note] InnoDB: Loading buffer pool(s) from C:\xampp\mysql\data\ib_buffer_pool
2024-10-20 22:35:50 0 [Note] Plugin 'FEEDBACK' is disabled.
2024-10-20 22:35:50 0 [Note] InnoDB: Buffer pool(s) load completed at 241020 22:35:50
2024-10-20 22:35:50 0 [Note] Server socket created on IP: '::'.
2024-10-21  3:08:48 0 [Note] Starting MariaDB 10.4.32-MariaDB source revision c4143f909528e3fab0677a28631d10389354c491 as process 18512
2024-10-21  3:08:48 0 [Note] InnoDB: Mutexes and rw_locks use Windows interlocked functions
2024-10-21  3:08:48 0 [Note] InnoDB: Uses event mutexes
2024-10-21  3:08:48 0 [Note] InnoDB: Compressed tables use zlib 1.3
2024-10-21  3:08:48 0 [Note] InnoDB: Number of pools: 1
2024-10-21  3:08:48 0 [Note] InnoDB: Using SSE2 crc32 instructions
2024-10-21  3:08:48 0 [Note] InnoDB: Initializing buffer pool, total size = 16M, instances = 1, chunk size = 16M
2024-10-21  3:08:48 0 [Note] InnoDB: Completed initialization of buffer pool
2024-10-21  3:08:48 0 [Note] InnoDB: Starting crash recovery from checkpoint LSN=594073
2024-10-21  3:08:48 0 [Note] InnoDB: 128 out of 128 rollback segments are active.
2024-10-21  3:08:48 0 [Note] InnoDB: Removed temporary tablespace data file: "ibtmp1"
2024-10-21  3:08:48 0 [Note] InnoDB: Creating shared tablespace for temporary tables
2024-10-21  3:08:48 0 [Note] InnoDB: Setting file 'C:\xampp\mysql\data\ibtmp1' size to 12 MB. Physically writing the file full; Please wait ...
2024-10-21  3:08:48 0 [Note] InnoDB: File 'C:\xampp\mysql\data\ibtmp1' size is now 12 MB.
2024-10-21  3:08:48 0 [Note] InnoDB: Waiting for purge to start
2024-10-21  3:08:48 0 [Note] InnoDB: 10.4.32 started; log sequence number 594082; transaction id 801
2024-10-21  3:08:48 0 [Note] InnoDB: Loading buffer pool(s) from C:\xampp\mysql\data\ib_buffer_pool
2024-10-21  3:08:48 0 [Note] Plugin 'FEEDBACK' is disabled.
2024-10-21  3:08:48 0 [Note] InnoDB: Buffer pool(s) load completed at 241021  3:08:48
2024-10-21  3:08:48 0 [Note] Server socket created on IP: '::'.
2024-10-21  3:08:53 0 [Note] Starting MariaDB 10.4.32-MariaDB source revision c4143f909528e3fab0677a28631d10389354c491 as process 19212
2024-10-21  3:08:53 0 [Note] InnoDB: Mutexes and rw_locks use Windows interlocked functions
2024-10-21  3:08:53 0 [Note] InnoDB: Uses event mutexes
2024-10-21  3:08:53 0 [Note] InnoDB: Compressed tables use zlib 1.3
2024-10-21  3:08:53 0 [Note] InnoDB: Number of pools: 1
2024-10-21  3:08:53 0 [Note] InnoDB: Using SSE2 crc32 instructions
2024-10-21  3:08:53 0 [Note] InnoDB: Initializing buffer pool, total size = 16M, instances = 1, chunk size = 16M
2024-10-21  3:08:53 0 [Note] InnoDB: Completed initialization of buffer pool
2024-10-21  3:08:53 0 [Note] InnoDB: Starting crash recovery from checkpoint LSN=594073
2024-10-21  3:08:53 0 [Note] InnoDB: 128 out of 128 rollback segments are active.
2024-10-21  3:08:53 0 [Note] InnoDB: Removed temporary tablespace data file: "ibtmp1"
2024-10-21  3:08:53 0 [Note] InnoDB: Creating shared tablespace for temporary tables
2024-10-21  3:08:53 0 [Note] InnoDB: Setting file 'C:\xampp\mysql\data\ibtmp1' size to 12 MB. Physically writing the file full; Please wait ...
2024-10-21  3:08:53 0 [Note] InnoDB: File 'C:\xampp\mysql\data\ibtmp1' size is now 12 MB.
2024-10-21  3:08:53 0 [Note] InnoDB: Waiting for purge to start
2024-10-21  3:08:53 0 [Note] InnoDB: 10.4.32 started; log sequence number 594082; transaction id 801
2024-10-21  3:08:53 0 [Note] InnoDB: Loading buffer pool(s) from C:\xampp\mysql\data\ib_buffer_pool
2024-10-21  3:08:53 0 [Note] Plugin 'FEEDBACK' is disabled.
2024-10-21  3:08:53 0 [Note] InnoDB: Buffer pool(s) load completed at 241021  3:08:53
2024-10-21  3:08:53 0 [Note] Server socket created on IP: '::'.
2024-10-21  4:06:50 0 [Note] Starting MariaDB 10.4.32-MariaDB source revision c4143f909528e3fab0677a28631d10389354c491 as process 21884
2024-10-21  4:06:50 0 [Note] InnoDB: Mutexes and rw_locks use Windows interlocked functions
2024-10-21  4:06:50 0 [Note] InnoDB: Uses event mutexes
2024-10-21  4:06:50 0 [Note] InnoDB: Compressed tables use zlib 1.3
2024-10-21  4:06:50 0 [Note] InnoDB: Number of pools: 1
2024-10-21  4:06:50 0 [Note] InnoDB: Using SSE2 crc32 instructions
2024-10-21  4:06:50 0 [Note] InnoDB: Initializing buffer pool, total size = 16M, instances = 1, chunk size = 16M
2024-10-21  4:06:50 0 [Note] InnoDB: Completed initialization of buffer pool
2024-10-21  4:06:50 0 [Note] InnoDB: Starting crash recovery from checkpoint LSN=594091
2024-10-21  4:06:50 0 [Note] InnoDB: 128 out of 128 rollback segments are active.
2024-10-21  4:06:50 0 [Note] InnoDB: Removed temporary tablespace data file: "ibtmp1"
2024-10-21  4:06:50 0 [Note] InnoDB: Creating shared tablespace for temporary tables
2024-10-21  4:06:50 0 [Note] InnoDB: Setting file 'C:\xampp\mysql\data\ibtmp1' size to 12 MB. Physically writing the file full; Please wait ...
2024-10-21  4:06:50 0 [Note] InnoDB: File 'C:\xampp\mysql\data\ibtmp1' size is now 12 MB.
2024-10-21  4:06:50 0 [Note] InnoDB: Waiting for purge to start
2024-10-21  4:06:50 0 [Note] InnoDB: 10.4.32 started; log sequence number 594100; transaction id 801
2024-10-21  4:06:50 0 [Note] InnoDB: Loading buffer pool(s) from C:\xampp\mysql\data\ib_buffer_pool
2024-10-21  4:06:50 0 [Note] Plugin 'FEEDBACK' is disabled.
2024-10-21  4:06:50 0 [Note] InnoDB: Buffer pool(s) load completed at 241021  4:06:50
2024-10-21  4:06:50 0 [Note] Server socket created on IP: '::'.
2024-10-30  1:11:52 0 [Note] Starting MariaDB 10.4.32-MariaDB source revision c4143f909528e3fab0677a28631d10389354c491 as process 9884
2024-10-30  1:11:52 0 [Note] InnoDB: Mutexes and rw_locks use Windows interlocked functions
2024-10-30  1:11:52 0 [Note] InnoDB: Uses event mutexes
2024-10-30  1:11:52 0 [Note] InnoDB: Compressed tables use zlib 1.3
2024-10-30  1:11:52 0 [Note] InnoDB: Number of pools: 1
2024-10-30  1:11:52 0 [Note] InnoDB: Using SSE2 crc32 instructions
2024-10-30  1:11:52 0 [Note] InnoDB: Initializing buffer pool, total size = 16M, instances = 1, chunk size = 16M
2024-10-30  1:11:52 0 [Note] InnoDB: Completed initialization of buffer pool
2024-10-30  1:11:52 0 [Note] InnoDB: Starting crash recovery from checkpoint LSN=666500
2024-10-30  1:11:52 0 [Note] InnoDB: 128 out of 128 rollback segments are active.
2024-10-30  1:11:52 0 [Note] InnoDB: Removed temporary tablespace data file: "ibtmp1"
2024-10-30  1:11:52 0 [Note] InnoDB: Creating shared tablespace for temporary tables
2024-10-30  1:11:52 0 [Note] InnoDB: Setting file 'C:\xampp\mysql\data\ibtmp1' size to 12 MB. Physically writing the file full; Please wait ...
2024-10-30  1:11:52 0 [Note] InnoDB: File 'C:\xampp\mysql\data\ibtmp1' size is now 12 MB.
2024-10-30  1:11:52 0 [Note] InnoDB: Waiting for purge to start
2024-10-30  1:11:52 0 [Note] InnoDB: 10.4.32 started; log sequence number 666509; transaction id 1020
2024-10-30  1:11:52 0 [Note] InnoDB: Loading buffer pool(s) from C:\xampp\mysql\data\ib_buffer_pool
2024-10-30  1:11:52 0 [Note] Plugin 'FEEDBACK' is disabled.
2024-10-30  1:11:52 0 [Note] InnoDB: Buffer pool(s) load completed at 241030  1:11:52
2024-10-30  1:11:52 0 [Note] Server socket created on IP: '::'.
2024-10-30  1:12:09 0 [Note] Starting MariaDB 10.4.32-MariaDB source revision c4143f909528e3fab0677a28631d10389354c491 as process 14480
2024-10-30  1:12:09 0 [Note] mysqld.exe: Aria engine: starting recovery
recovered pages: 0% 100% (0.0 seconds); 
2024-10-30  1:12:09 0 [Note] mysqld.exe: Aria engine: recovery done
2024-10-30  1:12:09 0 [Note] InnoDB: Mutexes and rw_locks use Windows interlocked functions
2024-10-30  1:12:09 0 [Note] InnoDB: Uses event mutexes
2024-10-30  1:12:09 0 [Note] InnoDB: Compressed tables use zlib 1.3
2024-10-30  1:12:09 0 [Note] InnoDB: Number of pools: 1
2024-10-30  1:12:09 0 [Note] InnoDB: Using SSE2 crc32 instructions
2024-10-30  1:12:09 0 [Note] InnoDB: Initializing buffer pool, total size = 16M, instances = 1, chunk size = 16M
2024-10-30  1:12:09 0 [Note] InnoDB: Completed initialization of buffer pool
2024-10-30  1:12:09 0 [Note] InnoDB: Starting crash recovery from checkpoint LSN=666518
2024-10-30  1:12:09 0 [Note] InnoDB: 128 out of 128 rollback segments are active.
2024-10-30  1:12:09 0 [Note] InnoDB: Removed temporary tablespace data file: "ibtmp1"
2024-10-30  1:12:09 0 [Note] InnoDB: Creating shared tablespace for temporary tables
2024-10-30  1:12:09 0 [Note] InnoDB: Setting file 'C:\xampp\mysql\data\ibtmp1' size to 12 MB. Physically writing the file full; Please wait ...
2024-10-30  1:12:09 0 [Note] InnoDB: File 'C:\xampp\mysql\data\ibtmp1' size is now 12 MB.
2024-10-30  1:12:09 0 [Note] InnoDB: Waiting for purge to start
2024-10-30  1:12:09 0 [Note] InnoDB: 10.4.32 started; log sequence number 666527; transaction id 1020
2024-10-30  1:12:09 0 [Note] InnoDB: Loading buffer pool(s) from C:\xampp\mysql\data\ib_buffer_pool
2024-10-30  1:12:09 0 [Note] Plugin 'FEEDBACK' is disabled.
2024-10-30  1:12:09 0 [Note] InnoDB: Buffer pool(s) load completed at 241030  1:12:09
2024-10-30  1:12:09 0 [Note] Server socket created on IP: '::'.
2024-10-31 22:30:21 0 [Note] Starting MariaDB 10.4.32-MariaDB source revision c4143f909528e3fab0677a28631d10389354c491 as process 20036
2024-10-31 22:30:21 0 [Note] InnoDB: Mutexes and rw_locks use Windows interlocked functions
2024-10-31 22:30:21 0 [Note] InnoDB: Uses event mutexes
2024-10-31 22:30:21 0 [Note] InnoDB: Compressed tables use zlib 1.3
2024-10-31 22:30:21 0 [Note] InnoDB: Number of pools: 1
2024-10-31 22:30:21 0 [Note] InnoDB: Using SSE2 crc32 instructions
2024-10-31 22:30:21 0 [Note] InnoDB: Initializing buffer pool, total size = 16M, instances = 1, chunk size = 16M
2024-10-31 22:30:21 0 [Note] InnoDB: Completed initialization of buffer pool
2024-10-31 22:30:21 0 [Note] InnoDB: Starting crash recovery from checkpoint LSN=699597
2024-10-31 22:30:21 0 [Note] InnoDB: 128 out of 128 rollback segments are active.
2024-10-31 22:30:21 0 [Note] InnoDB: Removed temporary tablespace data file: "ibtmp1"
2024-10-31 22:30:21 0 [Note] InnoDB: Creating shared tablespace for temporary tables
2024-10-31 22:30:21 0 [Note] InnoDB: Setting file 'C:\xampp\mysql\data\ibtmp1' size to 12 MB. Physically writing the file full; Please wait ...
2024-10-31 22:30:21 0 [Note] InnoDB: File 'C:\xampp\mysql\data\ibtmp1' size is now 12 MB.
2024-10-31 22:30:21 0 [Note] InnoDB: Waiting for purge to start
2024-10-31 22:30:21 0 [Note] InnoDB: 10.4.32 started; log sequence number 699606; transaction id 1171
2024-10-31 22:30:21 0 [Note] InnoDB: Loading buffer pool(s) from C:\xampp\mysql\data\ib_buffer_pool
2024-10-31 22:30:21 0 [Note] Plugin 'FEEDBACK' is disabled.
2024-10-31 22:30:21 0 [Note] InnoDB: Buffer pool(s) load completed at 241031 22:30:21
2024-10-31 22:30:21 0 [Note] Server socket created on IP: '::'.
2024-11-01  5:39:50 0 [Note] Starting MariaDB 10.4.32-MariaDB source revision c4143f909528e3fab0677a28631d10389354c491 as process 4860
2024-11-01  5:39:50 0 [Note] mysqld.exe: Aria engine: starting recovery
recovered pages: 0% 100% (0.0 seconds); 
2024-11-01  5:39:50 0 [Note] mysqld.exe: Aria engine: recovery done
2024-11-01  5:39:50 0 [Note] InnoDB: Mutexes and rw_locks use Windows interlocked functions
2024-11-01  5:39:50 0 [Note] InnoDB: Uses event mutexes
2024-11-01  5:39:50 0 [Note] InnoDB: Compressed tables use zlib 1.3
2024-11-01  5:39:50 0 [Note] InnoDB: Number of pools: 1
2024-11-01  5:39:50 0 [Note] InnoDB: Using SSE2 crc32 instructions
2024-11-01  5:39:50 0 [Note] InnoDB: Initializing buffer pool, total size = 16M, instances = 1, chunk size = 16M
2024-11-01  5:39:50 0 [Note] InnoDB: Completed initialization of buffer pool
2024-11-01  5:39:50 0 [Note] InnoDB: Starting crash recovery from checkpoint LSN=701125
2024-11-01  5:39:50 0 [Note] InnoDB: 128 out of 128 rollback segments are active.
2024-11-01  5:39:50 0 [Note] InnoDB: Removed temporary tablespace data file: "ibtmp1"
2024-11-01  5:39:50 0 [Note] InnoDB: Creating shared tablespace for temporary tables
2024-11-01  5:39:50 0 [Note] InnoDB: Setting file 'C:\xampp\mysql\data\ibtmp1' size to 12 MB. Physically writing the file full; Please wait ...
2024-11-01  5:39:50 0 [Note] InnoDB: File 'C:\xampp\mysql\data\ibtmp1' size is now 12 MB.
2024-11-01  5:39:50 0 [Note] InnoDB: Waiting for purge to start
2024-11-01  5:39:50 0 [Note] InnoDB: 10.4.32 started; log sequence number 701134; transaction id 1203
2024-11-01  5:39:50 0 [Note] InnoDB: Loading buffer pool(s) from C:\xampp\mysql\data\ib_buffer_pool
2024-11-01  5:39:50 0 [Note] Plugin 'FEEDBACK' is disabled.
2024-11-01  5:39:50 0 [Note] InnoDB: Buffer pool(s) load completed at 241101  5:39:50
2024-11-01  5:39:50 0 [Note] Server socket created on IP: '::'.
2024-11-10  0:43:08 0 [Note] Starting MariaDB 10.4.32-MariaDB source revision c4143f909528e3fab0677a28631d10389354c491 as process 6116
2024-11-10  0:43:08 0 [Note] InnoDB: Mutexes and rw_locks use Windows interlocked functions
2024-11-10  0:43:08 0 [Note] InnoDB: Uses event mutexes
2024-11-10  0:43:08 0 [Note] InnoDB: Compressed tables use zlib 1.3
2024-11-10  0:43:08 0 [Note] InnoDB: Number of pools: 1
2024-11-10  0:43:08 0 [Note] InnoDB: Using SSE2 crc32 instructions
2024-11-10  0:43:08 0 [Note] InnoDB: Initializing buffer pool, total size = 16M, instances = 1, chunk size = 16M
2024-11-10  0:43:08 0 [Note] InnoDB: Completed initialization of buffer pool
2024-11-10  0:43:08 0 [Note] InnoDB: 128 out of 128 rollback segments are active.
2024-11-10  0:43:08 0 [Note] InnoDB: Creating shared tablespace for temporary tables
2024-11-10  0:43:08 0 [Note] InnoDB: Setting file 'C:\xampp\mysql\data\ibtmp1' size to 12 MB. Physically writing the file full; Please wait ...
2024-11-10  0:43:08 0 [Note] InnoDB: File 'C:\xampp\mysql\data\ibtmp1' size is now 12 MB.
2024-11-10  0:43:08 0 [Note] InnoDB: Waiting for purge to start
2024-11-10  0:43:08 0 [Note] InnoDB: 10.4.32 started; log sequence number 2186143; transaction id 2306
2024-11-10  0:43:08 0 [Note] InnoDB: Loading buffer pool(s) from C:\xampp\mysql\data\ib_buffer_pool
2024-11-10  0:43:08 0 [Note] Plugin 'FEEDBACK' is disabled.
2024-11-10  0:43:08 0 [Note] InnoDB: Buffer pool(s) load completed at 241110  0:43:08
2024-11-10  0:43:08 0 [Note] Server socket created on IP: '::'.
2024-11-10  0:45:11 0 [Note] Starting MariaDB 10.4.32-MariaDB source revision c4143f909528e3fab0677a28631d10389354c491 as process 8732
2024-11-10  0:45:11 0 [Note] InnoDB: Mutexes and rw_locks use Windows interlocked functions
2024-11-10  0:45:11 0 [Note] InnoDB: Uses event mutexes
2024-11-10  0:45:11 0 [Note] InnoDB: Compressed tables use zlib 1.3
2024-11-10  0:45:11 0 [Note] InnoDB: Number of pools: 1
2024-11-10  0:45:11 0 [Note] InnoDB: Using SSE2 crc32 instructions
2024-11-10  0:45:11 0 [Note] InnoDB: Initializing buffer pool, total size = 16M, instances = 1, chunk size = 16M
2024-11-10  0:45:11 0 [Note] InnoDB: Completed initialization of buffer pool
2024-11-10  0:45:11 0 [Note] InnoDB: 128 out of 128 rollback segments are active.
2024-11-10  0:45:11 0 [Note] InnoDB: Creating shared tablespace for temporary tables
2024-11-10  0:45:11 0 [Note] InnoDB: Setting file 'C:\xampp\mysql\data\ibtmp1' size to 12 MB. Physically writing the file full; Please wait ...
2024-11-10  0:45:11 0 [Note] InnoDB: File 'C:\xampp\mysql\data\ibtmp1' size is now 12 MB.
2024-11-10  0:45:11 0 [Note] InnoDB: Waiting for purge to start
2024-11-10  0:45:11 0 [Note] InnoDB: 10.4.32 started; log sequence number 2186170; transaction id 2306
2024-11-10  0:45:11 0 [Note] InnoDB: Loading buffer pool(s) from C:\xampp\mysql\data\ib_buffer_pool
2024-11-10  0:45:11 0 [Note] Plugin 'FEEDBACK' is disabled.
2024-11-10  0:45:11 0 [Note] InnoDB: Buffer pool(s) load completed at 241110  0:45:11
2024-11-10  0:45:11 0 [Note] Server socket created on IP: '::'.
2024-11-10  1:00:57 0 [Note] Starting MariaDB 10.4.32-MariaDB source revision c4143f909528e3fab0677a28631d10389354c491 as process 23824
2024-11-10  1:00:57 0 [Note] InnoDB: Mutexes and rw_locks use Windows interlocked functions
2024-11-10  1:00:57 0 [Note] InnoDB: Uses event mutexes
2024-11-10  1:00:57 0 [Note] InnoDB: Compressed tables use zlib 1.3
2024-11-10  1:00:57 0 [Note] InnoDB: Number of pools: 1
2024-11-10  1:00:57 0 [Note] InnoDB: Using SSE2 crc32 instructions
2024-11-10  1:00:57 0 [Note] InnoDB: Initializing buffer pool, total size = 16M, instances = 1, chunk size = 16M
2024-11-10  1:00:57 0 [Note] InnoDB: Completed initialization of buffer pool
2024-11-10  1:00:57 0 [Note] InnoDB: Starting crash recovery from checkpoint LSN=2186357
2024-11-10  1:00:57 0 [Note] InnoDB: 128 out of 128 rollback segments are active.
2024-11-10  1:00:57 0 [Note] InnoDB: Removed temporary tablespace data file: "ibtmp1"
2024-11-10  1:00:57 0 [Note] InnoDB: Creating shared tablespace for temporary tables
2024-11-10  1:00:57 0 [Note] InnoDB: Setting file 'C:\xampp\mysql\data\ibtmp1' size to 12 MB. Physically writing the file full; Please wait ...
2024-11-10  1:00:57 0 [Note] InnoDB: File 'C:\xampp\mysql\data\ibtmp1' size is now 12 MB.
2024-11-10  1:00:57 0 [Note] InnoDB: Waiting for purge to start
2024-11-10  1:00:57 0 [Note] InnoDB: 10.4.32 started; log sequence number 2186366; transaction id 2306
2024-11-10  1:00:57 0 [Note] Plugin 'FEEDBACK' is disabled.
2024-11-10  1:00:57 0 [Note] InnoDB: Loading buffer pool(s) from C:\xampp\mysql\data\ib_buffer_pool
2024-11-10  1:00:57 0 [Note] InnoDB: Buffer pool(s) load completed at 241110  1:00:57
2024-11-10  1:00:57 0 [Note] Server socket created on IP: '::'.
2024-11-10  1:02:15 0 [Note] Starting MariaDB 10.4.32-MariaDB source revision c4143f909528e3fab0677a28631d10389354c491 as process 3268
2024-11-10  1:02:15 0 [Note] InnoDB: Mutexes and rw_locks use Windows interlocked functions
2024-11-10  1:02:15 0 [Note] InnoDB: Uses event mutexes
2024-11-10  1:02:15 0 [Note] InnoDB: Compressed tables use zlib 1.3
2024-11-10  1:02:15 0 [Note] InnoDB: Number of pools: 1
2024-11-10  1:02:15 0 [Note] InnoDB: Using SSE2 crc32 instructions
2024-11-10  1:02:15 0 [Note] InnoDB: Initializing buffer pool, total size = 16M, instances = 1, chunk size = 16M
2024-11-10  1:02:15 0 [Note] InnoDB: Completed initialization of buffer pool
2024-11-10  1:02:15 0 [Note] InnoDB: Starting crash recovery from checkpoint LSN=2186375
2024-11-10  1:02:15 0 [Note] InnoDB: 128 out of 128 rollback segments are active.
2024-11-10  1:02:15 0 [Note] InnoDB: Removed temporary tablespace data file: "ibtmp1"
2024-11-10  1:02:15 0 [Note] InnoDB: Creating shared tablespace for temporary tables
2024-11-10  1:02:15 0 [Note] InnoDB: Setting file 'C:\xampp\mysql\data\ibtmp1' size to 12 MB. Physically writing the file full; Please wait ...
2024-11-10  1:02:15 0 [Note] InnoDB: File 'C:\xampp\mysql\data\ibtmp1' size is now 12 MB.
2024-11-10  1:02:15 0 [Note] InnoDB: Waiting for purge to start
2024-11-10  1:02:15 0 [Note] InnoDB: 10.4.32 started; log sequence number 2186384; transaction id 2306
2024-11-10  1:02:15 0 [Note] InnoDB: Loading buffer pool(s) from C:\xampp\mysql\data\ib_buffer_pool
2024-11-10  1:02:15 0 [Note] Plugin 'FEEDBACK' is disabled.
2024-11-10  1:02:15 0 [Note] InnoDB: Buffer pool(s) load completed at 241110  1:02:15
2024-11-10  1:02:15 0 [Note] Server socket created on IP: '::'.
2024-11-10  1:03:17 0 [Note] Starting MariaDB 10.4.32-MariaDB source revision c4143f909528e3fab0677a28631d10389354c491 as process 18096
2024-11-10  1:03:17 0 [Note] InnoDB: Mutexes and rw_locks use Windows interlocked functions
2024-11-10  1:03:17 0 [Note] InnoDB: Uses event mutexes
2024-11-10  1:03:17 0 [Note] InnoDB: Compressed tables use zlib 1.3
2024-11-10  1:03:17 0 [Note] InnoDB: Number of pools: 1
2024-11-10  1:03:17 0 [Note] InnoDB: Using SSE2 crc32 instructions
2024-11-10  1:03:17 0 [Note] InnoDB: Initializing buffer pool, total size = 16M, instances = 1, chunk size = 16M
2024-11-10  1:03:17 0 [Note] InnoDB: Completed initialization of buffer pool
2024-11-10  1:03:17 0 [Note] InnoDB: Starting crash recovery from checkpoint LSN=2186393
2024-11-10  1:03:17 0 [Note] InnoDB: 128 out of 128 rollback segments are active.
2024-11-10  1:03:17 0 [Note] InnoDB: Removed temporary tablespace data file: "ibtmp1"
2024-11-10  1:03:17 0 [Note] InnoDB: Creating shared tablespace for temporary tables
2024-11-10  1:03:17 0 [Note] InnoDB: Setting file 'C:\xampp\mysql\data\ibtmp1' size to 12 MB. Physically writing the file full; Please wait ...
2024-11-10  1:03:17 0 [Note] InnoDB: File 'C:\xampp\mysql\data\ibtmp1' size is now 12 MB.
2024-11-10  1:03:17 0 [Note] InnoDB: Waiting for purge to start
2024-11-10  1:03:17 0 [Note] InnoDB: 10.4.32 started; log sequence number 2186402; transaction id 2306
2024-11-10  1:03:17 0 [Note] InnoDB: Loading buffer pool(s) from C:\xampp\mysql\data\ib_buffer_pool
2024-11-10  1:03:17 0 [Note] Plugin 'FEEDBACK' is disabled.
2024-11-10  1:03:17 0 [Note] InnoDB: Buffer pool(s) load completed at 241110  1:03:17
2024-11-10  1:03:17 0 [Note] Zerofilling moved table:  '.\mysql\plugin'
2024-11-10  1:03:17 0 [Note] Zerofilling moved table:  '.\mysql\servers'
2024-11-10  1:03:17 0 [Note] Server socket created on IP: '::'.
2024-11-10  1:28:34 0 [Note] Starting MariaDB 10.4.32-MariaDB source revision c4143f909528e3fab0677a28631d10389354c491 as process 22928
2024-11-10  1:28:34 0 [Note] mysqld.exe: Aria engine: starting recovery
recovered pages: 0% 100% (0.0 seconds); 
2024-11-10  1:28:34 0 [Note] mysqld.exe: Aria engine: recovery done
2024-11-10  1:28:34 0 [Note] InnoDB: Mutexes and rw_locks use Windows interlocked functions
2024-11-10  1:28:34 0 [Note] InnoDB: Uses event mutexes
2024-11-10  1:28:34 0 [Note] InnoDB: Compressed tables use zlib 1.3
2024-11-10  1:28:34 0 [Note] InnoDB: Number of pools: 1
2024-11-10  1:28:34 0 [Note] InnoDB: Using SSE2 crc32 instructions
2024-11-10  1:28:34 0 [Note] InnoDB: Initializing buffer pool, total size = 16M, instances = 1, chunk size = 16M
2024-11-10  1:28:34 0 [Note] InnoDB: Completed initialization of buffer pool
2024-11-10  1:28:34 0 [Note] InnoDB: The log sequence number 2187687 in the system tablespace does not match the log sequence number 2187696 in the ib_logfiles!
2024-11-10  1:28:34 0 [Note] InnoDB: 128 out of 128 rollback segments are active.
2024-11-10  1:28:34 0 [Note] InnoDB: Creating shared tablespace for temporary tables
2024-11-10  1:28:34 0 [Note] InnoDB: Setting file 'D:\temp\webshop\db\ibtmp1' size to 12 MB. Physically writing the file full; Please wait ...
2024-11-10  1:28:34 0 [Note] InnoDB: File 'D:\temp\webshop\db\ibtmp1' size is now 12 MB.
2024-11-10  1:28:34 0 [Note] InnoDB: Waiting for purge to start
2024-11-10  1:28:34 0 [Note] InnoDB: 10.4.32 started; log sequence number 2187696; transaction id 2333
2024-11-10  1:28:34 0 [Note] InnoDB: Loading buffer pool(s) from D:\temp\webshop\db\ib_buffer_pool
2024-11-10  1:28:34 0 [Note] Plugin 'FEEDBACK' is disabled.
2024-11-10  1:28:34 0 [Note] InnoDB: Buffer pool(s) load completed at 241110  1:28:34
2024-11-10  1:28:34 0 [Note] Server socket created on IP: '::'.
2024-11-10  1:29:22 0 [Note] Starting MariaDB 10.4.32-MariaDB source revision c4143f909528e3fab0677a28631d10389354c491 as process 15008
2024-11-10  1:29:22 0 [Note] InnoDB: Mutexes and rw_locks use Windows interlocked functions
2024-11-10  1:29:22 0 [Note] InnoDB: Uses event mutexes
2024-11-10  1:29:22 0 [Note] InnoDB: Compressed tables use zlib 1.3
2024-11-10  1:29:22 0 [Note] InnoDB: Number of pools: 1
2024-11-10  1:29:22 0 [Note] InnoDB: Using SSE2 crc32 instructions
2024-11-10  1:29:22 0 [Note] InnoDB: Initializing buffer pool, total size = 16M, instances = 1, chunk size = 16M
2024-11-10  1:29:22 0 [Note] InnoDB: Completed initialization of buffer pool
2024-11-10  1:29:22 0 [Note] InnoDB: Starting crash recovery from checkpoint LSN=2188315
2024-11-10  1:29:22 0 [Note] InnoDB: 128 out of 128 rollback segments are active.
2024-11-10  1:29:22 0 [Note] InnoDB: Removed temporary tablespace data file: "ibtmp1"
2024-11-10  1:29:22 0 [Note] InnoDB: Creating shared tablespace for temporary tables
2024-11-10  1:29:22 0 [Note] InnoDB: Setting file 'D:\temp\webshop\db\ibtmp1' size to 12 MB. Physically writing the file full; Please wait ...
2024-11-10  1:29:22 0 [Note] InnoDB: File 'D:\temp\webshop\db\ibtmp1' size is now 12 MB.
2024-11-10  1:29:22 0 [Note] InnoDB: Waiting for purge to start
2024-11-10  1:29:22 0 [Note] InnoDB: 10.4.32 started; log sequence number 2188362; transaction id 2358
2024-11-10  1:29:22 0 [Note] InnoDB: Loading buffer pool(s) from D:\temp\webshop\db\ib_buffer_pool
2024-11-10  1:29:22 0 [Note] Plugin 'FEEDBACK' is disabled.
2024-11-10  1:29:22 0 [Note] InnoDB: Buffer pool(s) load completed at 241110  1:29:22
2024-11-10  1:29:22 0 [Note] Server socket created on IP: '::'.
2024-11-10  1:58:36 0 [Note] Starting MariaDB 10.4.32-MariaDB source revision c4143f909528e3fab0677a28631d10389354c491 as process 7224
2024-11-10  1:58:36 0 [Note] InnoDB: Mutexes and rw_locks use Windows interlocked functions
2024-11-10  1:58:36 0 [Note] InnoDB: Uses event mutexes
2024-11-10  1:58:36 0 [Note] InnoDB: Compressed tables use zlib 1.3
2024-11-10  1:58:36 0 [Note] InnoDB: Number of pools: 1
2024-11-10  1:58:36 0 [Note] InnoDB: Using SSE2 crc32 instructions
2024-11-10  1:58:36 0 [Note] InnoDB: Initializing buffer pool, total size = 16M, instances = 1, chunk size = 16M
2024-11-10  1:58:36 0 [Note] InnoDB: Completed initialization of buffer pool
2024-11-10  1:58:36 0 [Note] InnoDB: Starting crash recovery from checkpoint LSN=2203793
2024-11-10  1:58:36 0 [Note] InnoDB: 128 out of 128 rollback segments are active.
2024-11-10  1:58:36 0 [Note] InnoDB: Removed temporary tablespace data file: "ibtmp1"
2024-11-10  1:58:36 0 [Note] InnoDB: Creating shared tablespace for temporary tables
2024-11-10  1:58:36 0 [Note] InnoDB: Setting file 'D:\temp\webshop\db\ibtmp1' size to 12 MB. Physically writing the file full; Please wait ...
2024-11-10  1:58:36 0 [Note] InnoDB: File 'D:\temp\webshop\db\ibtmp1' size is now 12 MB.
2024-11-10  1:58:36 0 [Note] InnoDB: Waiting for purge to start
2024-11-10  1:58:36 0 [Note] InnoDB: 10.4.32 started; log sequence number 2203802; transaction id 2416
2024-11-10  1:58:36 0 [Note] InnoDB: Loading buffer pool(s) from D:\temp\webshop\db\ib_buffer_pool
2024-11-10  1:58:36 0 [Note] Plugin 'FEEDBACK' is disabled.
2024-11-10  1:58:36 0 [Note] InnoDB: Buffer pool(s) load completed at 241110  1:58:36
2024-11-10  1:58:36 0 [Note] Server socket created on IP: '::'.
